#***************************************************************************

#sjplacer

#Version:            1.1

#Build Date:         Oct 23 2014 13:00:08

#File Generated:     Mar 17 2015 10:28:04

#Purpose:            

#Copyright (C) 2010-2011 by Softjin Technologies Pvt Ltd. All rights reserved.

#***************************************************************************

Executing : C:\Program Files\Cypress\PSoC Creator\3.1\PSoC Creator\bin/sjplacer.exe --proj-name OLED --netlist-vh2 OLED_p.vh2 --arch-file C:\Program Files\Cypress\PSoC Creator\3.1\PSoC Creator\dev/psoc4/psoc4a/placer.ark --rrg-file C:\Program Files\Cypress\PSoC Creator\3.1\PSoC Creator\dev/psoc4/psoc4a/route_arch-rrg.cydata --irq-file C:\Program Files\Cypress\PSoC Creator\3.1\PSoC Creator\dev/psoc4/psoc4a/irqconn.cydata --dsi-conn-file C:\Program Files\Cypress\PSoC Creator\3.1\PSoC Creator\dev/psoc4/psoc4a/dsiconn.cydata --pins-file pins_44-TQFP.xml --lib-file OLED_p.lib --sdc-file OLED.sdc --io-pcf OLED.pci --outdir .

		Softjin Techologies Placer, Version 1.1

Build Date : Oct 23 2014	13:09:21

D2004: Option and Settings Summary
=============================================================
Netlist vh2 file          - OLED_p.vh2
Architecture file         - C:\Program Files\Cypress\PSoC Creator\3.1\PSoC Creator\dev/psoc4/psoc4a/placer.ark
Package                   - 
Defparam file             - 
SDC file                  - OLED.sdc
Output directory          - .
Timing library            - OLED_p.lib
IO Placement file         - OLED.pci

D2050: Starting reading inputs for placer
=============================================================
D2065: Reading netlist file : "OLED_p.vh2"
D2065: Reading arch file : "C:\Program Files\Cypress\PSoC Creator\3.1\PSoC Creator\dev/psoc4/psoc4a/placer.ark"
D2051: Reading of inputs for placer completed successfully

D2053: Starting placement of the design
=============================================================

Phase 2
Phase 3
I2659: No Constrained paths were found. The placer will run in non-timing driven mode.

Design Statistics after Packing
    Number of Combinational MCs 	:	0
    Number of Sequential MCs    	:	0
    Number of DPs               	:	0
    Number of Controls          	:	0
    Number of Status            	:	0
    Number of SyncCells         	:	0
    Number of count7cells       	:	0

Device Utilization Summary after Packing
    Macrocells                  :	0/32
    UDBS                        :	0/4
    IOs                         :	2/36


D2088: Phase 3, elapsed time : 0.0 (sec)

Phase 4
D2088: Phase 4, elapsed time : 0.0 (sec)

Phase 8
D2088: Phase 8, elapsed time : 0.0 (sec)

D2054: Placement of the design completed successfully

I2076: Total run-time: 0.8 sec.

